<?xml version="1.0" encoding="UTF-8"?>
<testsuite name="com.builders.services.BuilderServiceTest" tests="1" skipped="0" failures="0" errors="0" timestamp="2023-01-23T05:43:14" hostname="EPKZKARW1026" time="0.004">
  <properties/>
  <testcase name="testHello" classname="com.builders.services.BuilderServiceTest" time="0.004"/>
  <system-out><![CDATA[]]></system-out>
  <system-err><![CDATA[]]></system-err>
</testsuite>
